0 info it worked if it ends with ok
1 verbose cli [ 'node', '/usr/bin/npm', 'install' ]
2 info using npm@2.7.0
3 info using node@v0.10.36
4 verbose node symlink /usr/bin/node
5 verbose install where, deps [ '/home/deploy/afrupro',
5 verbose install   [ 'acl',
5 verbose install     'async',
5 verbose install     'body-parser',
5 verbose install     'bower',
5 verbose install     'chalk',
5 verbose install     'compression',
5 verbose install     'connect-flash',
5 verbose install     'connect-mongo',
5 verbose install     'connect-multiparty',
5 verbose install     'consolidate',
5 verbose install     'cookie-parser',
5 verbose install     'express',
5 verbose install     'express-session',
5 verbose install     'forever',
5 verbose install     'fs-extra',
5 verbose install     'glob',
5 verbose install     'grunt-cli',
5 verbose install     'helmet',
5 verbose install     'lodash',
5 verbose install     'method-override',
5 verbose install     'mongoose',
5 verbose install     'morgan',
5 verbose install     'multer',
5 verbose install     'multiparty',
5 verbose install     'nodemailer',
5 verbose install     'passport',
5 verbose install     'passport-facebook',
5 verbose install     'passport-github',
5 verbose install     'passport-google-oauth',
5 verbose install     'passport-linkedin',
5 verbose install     'passport-local',
5 verbose install     'passport-twitter',
5 verbose install     'serve-favicon',
5 verbose install     'socket.io',
5 verbose install     'swig',
5 verbose install     'flightplan',
5 verbose install     'grunt-concurrent',
5 verbose install     'grunt-contrib-csslint',
5 verbose install     'grunt-contrib-cssmin',
5 verbose install     'grunt-contrib-jshint',
5 verbose install     'grunt-contrib-less',
5 verbose install     'grunt-contrib-sass',
5 verbose install     'grunt-contrib-uglify',
5 verbose install     'grunt-contrib-watch',
5 verbose install     'grunt-env',
5 verbose install     'grunt-karma',
5 verbose install     'grunt-mocha-test',
5 verbose install     'grunt-ng-annotate',
5 verbose install     'grunt-node-inspector',
5 verbose install     'grunt-nodemon',
5 verbose install     'grunt-protractor-runner',
5 verbose install     'gulp',
5 verbose install     'gulp-concat',
5 verbose install     'gulp-csslint',
5 verbose install     'gulp-cssmin',
5 verbose install     'gulp-jshint',
5 verbose install     'gulp-karma',
5 verbose install     'gulp-less',
5 verbose install     'gulp-livereload',
5 verbose install     'gulp-load-plugins',
5 verbose install     'gulp-mocha',
5 verbose install     'gulp-ng-annotate',
5 verbose install     'gulp-nodemon',
5 verbose install     'gulp-protractor',
5 verbose install     'gulp-rename',
5 verbose install     'gulp-sass',
5 verbose install     'gulp-uglify',
5 verbose install     'gulp-watch',
5 verbose install     'karma',
5 verbose install     'karma-chrome-launcher',
5 verbose install     'karma-coverage',
5 verbose install     'karma-firefox-launcher',
5 verbose install     'karma-jasmine',
5 verbose install     'karma-phantomjs-launcher',
5 verbose install     'load-grunt-tasks',
5 verbose install     'run-sequence',
5 verbose install     'should',
5 verbose install     'supertest' ] ]
6 verbose install where, peers [ '/home/deploy/afrupro', [] ]
7 info preinstall meanjs@0.4.0
8 warn package.json karma-chrome-launcher@0.1.7 No README data
9 warn package.json karma-coverage@0.2.7 No README data
10 warn package.json karma-firefox-launcher@0.1.4 No README data
11 warn package.json karma-phantomjs-launcher@0.1.4 No README data
12 verbose already installed skipping passport-github@~0.1.5 /home/deploy/afrupro
13 verbose already installed skipping passport-google-oauth@~0.1.5 /home/deploy/afrupro
14 verbose already installed skipping passport-linkedin@~0.1.3 /home/deploy/afrupro
15 verbose already installed skipping passport-local@~1.0.0 /home/deploy/afrupro
16 verbose already installed skipping passport-twitter@~1.0.2 /home/deploy/afrupro
17 verbose already installed skipping serve-favicon@~2.1.6 /home/deploy/afrupro
18 verbose already installed skipping socket.io@~1.1.0 /home/deploy/afrupro
19 verbose already installed skipping swig@~1.4.1 /home/deploy/afrupro
20 verbose already installed skipping flightplan@^0.6.1 /home/deploy/afrupro
21 verbose already installed skipping grunt-concurrent@~1.0.0 /home/deploy/afrupro
22 verbose already installed skipping grunt-contrib-csslint@^0.3.1 /home/deploy/afrupro
23 verbose already installed skipping grunt-contrib-cssmin@~0.10.0 /home/deploy/afrupro
24 verbose already installed skipping grunt-contrib-jshint@~0.10.0 /home/deploy/afrupro
25 verbose already installed skipping grunt-contrib-less@~0.12.0 /home/deploy/afrupro
26 verbose already installed skipping grunt-contrib-sass@~0.8.1 /home/deploy/afrupro
27 verbose already installed skipping grunt-contrib-uglify@~0.6.0 /home/deploy/afrupro
28 verbose already installed skipping grunt-contrib-watch@~0.6.1 /home/deploy/afrupro
29 verbose already installed skipping grunt-env@~0.4.1 /home/deploy/afrupro
30 verbose already installed skipping grunt-karma@~0.9.0 /home/deploy/afrupro
31 verbose already installed skipping grunt-mocha-test@~0.12.1 /home/deploy/afrupro
32 verbose already installed skipping grunt-ng-annotate@~0.4.0 /home/deploy/afrupro
33 verbose already installed skipping grunt-node-inspector@~0.1.3 /home/deploy/afrupro
34 verbose already installed skipping grunt-nodemon@~0.3.0 /home/deploy/afrupro
35 verbose already installed skipping grunt-protractor-runner@1.1.4 /home/deploy/afrupro
36 verbose already installed skipping gulp@^3.8.11 /home/deploy/afrupro
37 verbose already installed skipping gulp-concat@~2.4.1 /home/deploy/afrupro
38 verbose already installed skipping gulp-csslint@~0.1.5 /home/deploy/afrupro
39 verbose already installed skipping gulp-cssmin@~0.1.6 /home/deploy/afrupro
40 verbose already installed skipping gulp-jshint@~1.8.6 /home/deploy/afrupro
41 verbose already installed skipping gulp-karma@~0.0.4 /home/deploy/afrupro
42 verbose already installed skipping gulp-less@~1.3.6 /home/deploy/afrupro
43 verbose already installed skipping gulp-livereload@~2.1.1 /home/deploy/afrupro
44 verbose already installed skipping gulp-load-plugins@~0.7.0 /home/deploy/afrupro
45 verbose already installed skipping gulp-mocha@~1.1.1 /home/deploy/afrupro
46 verbose already installed skipping gulp-ng-annotate@~0.3.3 /home/deploy/afrupro
47 verbose already installed skipping gulp-nodemon@~1.0.4 /home/deploy/afrupro
48 verbose already installed skipping gulp-protractor@~0.0.11 /home/deploy/afrupro
49 verbose already installed skipping gulp-rename@~1.2.0 /home/deploy/afrupro
50 verbose already installed skipping gulp-sass@~1.2.2 /home/deploy/afrupro
51 verbose already installed skipping gulp-uglify@~1.0.1 /home/deploy/afrupro
52 verbose already installed skipping gulp-watch@~1.1.0 /home/deploy/afrupro
53 verbose already installed skipping karma@~0.12.0 /home/deploy/afrupro
54 verbose already installed skipping karma-chrome-launcher@~0.1.2 /home/deploy/afrupro
55 verbose already installed skipping karma-coverage@~0.2.0 /home/deploy/afrupro
56 verbose already installed skipping karma-firefox-launcher@~0.1.3 /home/deploy/afrupro
57 verbose already installed skipping karma-jasmine@~0.2.1 /home/deploy/afrupro
58 verbose already installed skipping karma-phantomjs-launcher@~0.1.2 /home/deploy/afrupro
59 verbose already installed skipping load-grunt-tasks@~1.0.0 /home/deploy/afrupro
60 verbose already installed skipping run-sequence@~1.0.1 /home/deploy/afrupro
61 verbose already installed skipping should@~4.1.0 /home/deploy/afrupro
62 verbose already installed skipping supertest@~0.14.0 /home/deploy/afrupro
63 verbose already installed skipping acl@~0.4.4 /home/deploy/afrupro
64 verbose already installed skipping async@~0.9.0 /home/deploy/afrupro
65 verbose already installed skipping body-parser@~1.9.0 /home/deploy/afrupro
66 verbose already installed skipping bower@~1.3.8 /home/deploy/afrupro
67 verbose already installed skipping chalk@~0.5.1 /home/deploy/afrupro
68 verbose already installed skipping compression@~1.2.0 /home/deploy/afrupro
69 verbose already installed skipping connect-flash@~0.1.1 /home/deploy/afrupro
70 verbose already installed skipping connect-mongo@~0.4.1 /home/deploy/afrupro
71 verbose already installed skipping connect-multiparty@^1.2.5 /home/deploy/afrupro
72 verbose already installed skipping consolidate@~0.10.0 /home/deploy/afrupro
73 verbose already installed skipping cookie-parser@~1.3.2 /home/deploy/afrupro
74 verbose already installed skipping express@~4.10.0 /home/deploy/afrupro
75 verbose already installed skipping express-session@~1.9.1 /home/deploy/afrupro
76 verbose already installed skipping forever@~0.11.0 /home/deploy/afrupro
77 verbose already installed skipping fs-extra@^0.16.3 /home/deploy/afrupro
78 verbose already installed skipping glob@~4.0.5 /home/deploy/afrupro
79 verbose already installed skipping grunt-cli@~0.1.13 /home/deploy/afrupro
80 verbose already installed skipping helmet@~0.4.0 /home/deploy/afrupro
81 verbose already installed skipping lodash@~2.4.1 /home/deploy/afrupro
82 verbose already installed skipping method-override@~2.3.0 /home/deploy/afrupro
83 verbose already installed skipping mongoose@~3.8.8 /home/deploy/afrupro
84 verbose already installed skipping morgan@~1.4.1 /home/deploy/afrupro
85 verbose already installed skipping multer@0.1.6 /home/deploy/afrupro
86 verbose already installed skipping multiparty@^4.1.1 /home/deploy/afrupro
87 verbose already installed skipping nodemailer@~1.3.0 /home/deploy/afrupro
88 verbose already installed skipping passport@~0.2.0 /home/deploy/afrupro
89 verbose already installed skipping passport-facebook@~1.0.2 /home/deploy/afrupro
90 silly install resolved []
91 info build /home/deploy/afrupro
92 verbose linkStuff [ false, false, false, '/home/deploy' ]
93 info linkStuff meanjs@0.4.0
94 verbose linkBins meanjs@0.4.0
95 verbose linkMans meanjs@0.4.0
96 verbose rebuildBundles meanjs@0.4.0
97 verbose rebuildBundles [ '.bin',
97 verbose rebuildBundles   'acl',
97 verbose rebuildBundles   'async',
97 verbose rebuildBundles   'body-parser',
97 verbose rebuildBundles   'bower',
97 verbose rebuildBundles   'chalk',
97 verbose rebuildBundles   'compression',
97 verbose rebuildBundles   'connect-flash',
97 verbose rebuildBundles   'connect-mongo',
97 verbose rebuildBundles   'connect-multiparty',
97 verbose rebuildBundles   'consolidate',
97 verbose rebuildBundles   'cookie-parser',
97 verbose rebuildBundles   'express',
97 verbose rebuildBundles   'express-session',
97 verbose rebuildBundles   'flightplan',
97 verbose rebuildBundles   'forever',
97 verbose rebuildBundles   'fs-extra',
97 verbose rebuildBundles   'glob',
97 verbose rebuildBundles   'grunt',
97 verbose rebuildBundles   'grunt-cli',
97 verbose rebuildBundles   'grunt-concurrent',
97 verbose rebuildBundles   'grunt-contrib-csslint',
97 verbose rebuildBundles   'grunt-contrib-cssmin',
97 verbose rebuildBundles   'grunt-contrib-jshint',
97 verbose rebuildBundles   'grunt-contrib-less',
97 verbose rebuildBundles   'grunt-contrib-sass',
97 verbose rebuildBundles   'grunt-contrib-uglify',
97 verbose rebuildBundles   'grunt-contrib-watch',
97 verbose rebuildBundles   'grunt-env',
97 verbose rebuildBundles   'grunt-karma',
97 verbose rebuildBundles   'grunt-mocha-test',
97 verbose rebuildBundles   'grunt-ng-annotate',
97 verbose rebuildBundles   'grunt-node-inspector',
97 verbose rebuildBundles   'grunt-nodemon',
97 verbose rebuildBundles   'grunt-protractor-runner',
97 verbose rebuildBundles   'gulp',
97 verbose rebuildBundles   'gulp-concat',
97 verbose rebuildBundles   'gulp-csslint',
97 verbose rebuildBundles   'gulp-cssmin',
97 verbose rebuildBundles   'gulp-jshint',
97 verbose rebuildBundles   'gulp-karma',
97 verbose rebuildBundles   'gulp-less',
97 verbose rebuildBundles   'gulp-livereload',
97 verbose rebuildBundles   'gulp-load-plugins',
97 verbose rebuildBundles   'gulp-mocha',
97 verbose rebuildBundles   'gulp-ng-annotate',
97 verbose rebuildBundles   'gulp-nodemon',
97 verbose rebuildBundles   'gulp-protractor',
97 verbose rebuildBundles   'gulp-rename',
97 verbose rebuildBundles   'gulp-sass',
97 verbose rebuildBundles   'gulp-uglify',
97 verbose rebuildBundles   'gulp-watch',
97 verbose rebuildBundles   'helmet',
97 verbose rebuildBundles   'karma',
97 verbose rebuildBundles   'karma-chrome-launcher',
97 verbose rebuildBundles   'karma-coverage',
97 verbose rebuildBundles   'karma-firefox-launcher',
97 verbose rebuildBundles   'karma-jasmine',
97 verbose rebuildBundles   'karma-phantomjs-launcher',
97 verbose rebuildBundles   'load-grunt-tasks',
97 verbose rebuildBundles   'lodash',
97 verbose rebuildBundles   'method-override',
97 verbose rebuildBundles   'mocha',
97 verbose rebuildBundles   'mongoose',
97 verbose rebuildBundles   'morgan',
97 verbose rebuildBundles   'multer',
97 verbose rebuildBundles   'multiparty',
97 verbose rebuildBundles   'nodemailer',
97 verbose rebuildBundles   'passport',
97 verbose rebuildBundles   'passport-facebook',
97 verbose rebuildBundles   'passport-github',
97 verbose rebuildBundles   'passport-google-oauth',
97 verbose rebuildBundles   'passport-linkedin',
97 verbose rebuildBundles   'passport-local',
97 verbose rebuildBundles   'passport-twitter',
97 verbose rebuildBundles   'run-sequence',
97 verbose rebuildBundles   'serve-favicon',
97 verbose rebuildBundles   'should',
97 verbose rebuildBundles   'socket.io',
97 verbose rebuildBundles   'supertest',
97 verbose rebuildBundles   'swig' ]
98 verbose rebuild bundle /home/deploy/afrupro/node_modules/grunt
99 info build /home/deploy/afrupro/node_modules/grunt
100 info preinstall grunt@0.4.5
101 verbose linkStuff [ false, false, false, '/home/deploy/afrupro/node_modules' ]
102 info linkStuff grunt@0.4.5
103 verbose linkBins grunt@0.4.5
104 verbose linkMans grunt@0.4.5
105 verbose rebuildBundles grunt@0.4.5
106 verbose rebuildBundles [ '.bin',
106 verbose rebuildBundles   'async',
106 verbose rebuildBundles   'coffee-script',
106 verbose rebuildBundles   'colors',
106 verbose rebuildBundles   'dateformat',
106 verbose rebuildBundles   'eventemitter2',
106 verbose rebuildBundles   'exit',
106 verbose rebuildBundles   'findup-sync',
106 verbose rebuildBundles   'getobject',
106 verbose rebuildBundles   'glob',
106 verbose rebuildBundles   'grunt-legacy-log',
106 verbose rebuildBundles   'grunt-legacy-util',
106 verbose rebuildBundles   'hooker',
106 verbose rebuildBundles   'iconv-lite',
106 verbose rebuildBundles   'js-yaml',
106 verbose rebuildBundles   'lodash',
106 verbose rebuildBundles   'minimatch',
106 verbose rebuildBundles   'nopt',
106 verbose rebuildBundles   'rimraf',
106 verbose rebuildBundles   'underscore.string',
106 verbose rebuildBundles   'which' ]
107 info install grunt@0.4.5
108 info postinstall grunt@0.4.5
109 verbose rebuild bundle /home/deploy/afrupro/node_modules/mocha
110 info build /home/deploy/afrupro/node_modules/mocha
111 info preinstall mocha@2.2.1
112 verbose linkStuff [ false, false, false, '/home/deploy/afrupro/node_modules' ]
113 info linkStuff mocha@2.2.1
114 verbose linkBins mocha@2.2.1
115 verbose link bins [ { mocha: './bin/mocha', _mocha: './bin/_mocha' },
115 verbose link bins   '/home/deploy/afrupro/node_modules/.bin',
115 verbose link bins   false ]
116 verbose linkMans mocha@2.2.1
117 verbose rebuildBundles mocha@2.2.1
118 verbose rebuildBundles [ '.bin',
118 verbose rebuildBundles   'commander',
118 verbose rebuildBundles   'debug',
118 verbose rebuildBundles   'diff',
118 verbose rebuildBundles   'escape-string-regexp',
118 verbose rebuildBundles   'glob',
118 verbose rebuildBundles   'growl',
118 verbose rebuildBundles   'jade',
118 verbose rebuildBundles   'mkdirp',
118 verbose rebuildBundles   'supports-color' ]
119 verbose gentlyRm vacuuming /home/deploy/afrupro/node_modules/.bin/mocha
120 verbose gentlyRm vacuuming /home/deploy/afrupro/node_modules/.bin/_mocha
121 silly gentlyRm purging /home/deploy/afrupro/node_modules/.bin/mocha
122 silly gentlyRm purging /home/deploy/afrupro/node_modules/.bin/_mocha
123 silly gentlyRm quitting because other entries in /home/deploy/afrupro/node_modules/.bin
124 silly gentlyRm quitting because other entries in /home/deploy/afrupro/node_modules/.bin
125 info install mocha@2.2.1
126 info postinstall mocha@2.2.1
127 info install meanjs@0.4.0
128 info postinstall meanjs@0.4.0
129 verbose unsafe-perm in lifecycle true
130 info meanjs@0.4.0 Failed to exec postinstall script
131 verbose stack Error: meanjs@0.4.0 postinstall: `bower install --config.interactive=false`
131 verbose stack Exit status 1
131 verbose stack     at EventEmitter.<anonymous> (/usr/lib/node_modules/npm/lib/utils/lifecycle.js:213:16)
131 verbose stack     at EventEmitter.emit (events.js:98:17)
131 verbose stack     at ChildProcess.<anonymous> (/usr/lib/node_modules/npm/lib/utils/spawn.js:14:12)
131 verbose stack     at ChildProcess.emit (events.js:98:17)
131 verbose stack     at maybeClose (child_process.js:766:16)
131 verbose stack     at Process.ChildProcess._handle.onexit (child_process.js:833:5)
132 verbose pkgid meanjs@0.4.0
133 verbose cwd /home/deploy/afrupro
134 error Linux 3.13.0-46-generic
135 error argv "node" "/usr/bin/npm" "install"
136 error node v0.10.36
137 error npm  v2.7.0
138 error code ELIFECYCLE
139 error meanjs@0.4.0 postinstall: `bower install --config.interactive=false`
139 error Exit status 1
140 error Failed at the meanjs@0.4.0 postinstall script 'bower install --config.interactive=false'.
140 error This is most likely a problem with the meanjs package,
140 error not with npm itself.
140 error Tell the author that this fails on your system:
140 error     bower install --config.interactive=false
140 error You can get their info via:
140 error     npm owner ls meanjs
140 error There is likely additional logging output above.
141 verbose exit [ 1, true ]
